<?xml version="1.0" encoding="UTF-8" ?>
<testsuite tests="21" failures="0" name="com.googlecode.blaisemath.graphics.core.GraphicCompositeTest" time="0.213" errors="0" skipped="0">
  <properties>
    <property name="java.runtime.name" value="Java(TM) SE Runtime Environment"/>
    <property name="sun.boot.library.path" value="C:\Program Files\Java\jdk1.8.0_20\jre\bin"/>
    <property name="java.vm.version" value="25.20-b23"/>
    <property name="java.vm.vendor" value="Oracle Corporation"/>
    <property name="java.vendor.url" value="http://java.oracle.com/"/>
    <property name="path.separator" value=";"/>
    <property name="guice.disable.misplaced.annotation.check" value="true"/>
    <property name="java.vm.name" value="Java HotSpot(TM) 64-Bit Server VM"/>
    <property name="file.encoding.pkg" value="sun.io"/>
    <property name="user.script" value=""/>
    <property name="user.country" value="US"/>
    <property name="sun.java.launcher" value="SUN_STANDARD"/>
    <property name="sun.os.patch.level" value=""/>
    <property name="java.vm.specification.name" value="Java Virtual Machine Specification"/>
    <property name="user.dir" value="C:\Users\elisha\Documents\NetBeansProjects\blaisemath\blaise-graphics"/>
    <property name="java.runtime.version" value="1.8.0_20-b26"/>
    <property name="java.awt.graphicsenv" value="sun.awt.Win32GraphicsEnvironment"/>
    <property name="java.endorsed.dirs" value="C:\Program Files\Java\jdk1.8.0_20\jre\lib\endorsed"/>
    <property name="os.arch" value="amd64"/>
    <property name="java.io.tmpdir" value="C:\Users\elisha\AppData\Local\Temp\"/>
    <property name="line.separator" value="
"/>
    <property name="java.vm.specification.vendor" value="Oracle Corporation"/>
    <property name="user.variant" value=""/>
    <property name="os.name" value="Windows 8.1"/>
    <property name="classworlds.conf" value="C:\Program Files\NetBeans 8.0.1\java\maven\bin\m2.conf"/>
    <property name="sun.jnu.encoding" value="Cp1252"/>
    <property name="java.library.path" value="C:\Program Files\Java\jdk1.8.0_20\bin;C:\WINDOWS\Sun\Java\bin;C:\WINDOWS\system32;C:\WINDOWS;C:\Users\elisha\bin;C:\Program Files\Git\mingw64\bin;C:\Program Files\Git\usr\local\bin;C:\Program Files\Git\usr\bin;C:\Program Files\Git\usr\bin;C:\Program Files\Git\mingw64\bin;C:\Program Files\Git\usr\bin;C:\Users\elisha\bin;C:\ProgramData\Oracle\Java\javapath;C:\WINDOWS\system32;C:\WINDOWS;C:\WINDOWS\System32\Wbem;C:\WINDOWS\System32\WindowsPowerShell\v1.0;C:\Program Files\TortoiseSVN\bin;C:\Program Files\Intel\WiFi\bin;C:\Program Files\Common Files\Intel\WirelessCommon;C:\Program Files (x86)\GNU\GnuPG\pub;C:\Program Files\NetBeans 8.0.1\java\maven\bin;C:\Program Files\Git\cmd;C:\Program Files\Intel\WiFi\bin;C:\Program Files\Common Files\Intel\WirelessCommon;C:\Program Files\Git\usr\bin\vendor_perl;C:\Program Files\Git\usr\bin\core_perl;."/>
    <property name="java.specification.name" value="Java Platform API Specification"/>
    <property name="java.class.version" value="52.0"/>
    <property name="sun.management.compiler" value="HotSpot 64-Bit Tiered Compilers"/>
    <property name="maven.repo.local" value="C:\Users\elisha\.m2\repository"/>
    <property name="os.version" value="6.3"/>
    <property name="user.home" value="C:\Users\elisha"/>
    <property name="user.timezone" value="America/New_York"/>
    <property name="java.awt.printerjob" value="sun.awt.windows.WPrinterJob"/>
    <property name="java.specification.version" value="1.8"/>
    <property name="file.encoding" value="Cp1252"/>
    <property name="user.name" value="elisha"/>
    <property name="java.class.path" value="C:\Program Files\NetBeans 8.0.1\java\maven\boot\plexus-classworlds-2.4.jar"/>
    <property name="java.vm.specification.version" value="1.8"/>
    <property name="sun.arch.data.model" value="64"/>
    <property name="java.home" value="C:\Program Files\Java\jdk1.8.0_20\jre"/>
    <property name="sun.java.command" value="org.codehaus.plexus.classworlds.launcher.Launcher -D maven.repo.local=C:\Users\elisha\.m2\repository -s C:\Users\elisha\AppData\Local\Temp\release-settings7159454626941605692.xml clean verify"/>
    <property name="java.specification.vendor" value="Oracle Corporation"/>
    <property name="user.language" value="en"/>
    <property name="awt.toolkit" value="sun.awt.windows.WToolkit"/>
    <property name="java.vm.info" value="mixed mode"/>
    <property name="java.version" value="1.8.0_20"/>
    <property name="java.ext.dirs" value="C:\Program Files\Java\jdk1.8.0_20\jre\lib\ext;C:\WINDOWS\Sun\Java\lib\ext"/>
    <property name="sun.boot.class.path" value="C:\Program Files\Java\jdk1.8.0_20\jre\lib\resources.jar;C:\Program Files\Java\jdk1.8.0_20\jre\lib\rt.jar;C:\Program Files\Java\jdk1.8.0_20\jre\lib\sunrsasign.jar;C:\Program Files\Java\jdk1.8.0_20\jre\lib\jsse.jar;C:\Program Files\Java\jdk1.8.0_20\jre\lib\jce.jar;C:\Program Files\Java\jdk1.8.0_20\jre\lib\charsets.jar;C:\Program Files\Java\jdk1.8.0_20\jre\lib\jfr.jar;C:\Program Files\Java\jdk1.8.0_20\jre\classes"/>
    <property name="java.vendor" value="Oracle Corporation"/>
    <property name="maven.home" value="C:\Program Files\NetBeans 8.0.1\java\maven"/>
    <property name="file.separator" value="\"/>
    <property name="java.vendor.url.bug" value="http://bugreport.sun.com/bugreport/"/>
    <property name="sun.cpu.endian" value="little"/>
    <property name="sun.io.unicode.encoding" value="UnicodeLittle"/>
    <property name="sun.desktop" value="windows"/>
    <property name="sun.cpu.isalist" value="amd64"/>
  </properties>
  <testcase classname="com.googlecode.blaisemath.graphics.core.GraphicCompositeTest" name="testInitContextMenu" time="0.162"/>
  <testcase classname="com.googlecode.blaisemath.graphics.core.GraphicCompositeTest" name="testGraphicChanged" time="0"/>
  <testcase classname="com.googlecode.blaisemath.graphics.core.GraphicCompositeTest" name="testAddGraphics" time="0.003"/>
  <testcase classname="com.googlecode.blaisemath.graphics.core.GraphicCompositeTest" name="testVisibleEntriesInReverse" time="0.003"/>
  <testcase classname="com.googlecode.blaisemath.graphics.core.GraphicCompositeTest" name="testRemoveGraphic" time="0"/>
  <testcase classname="com.googlecode.blaisemath.graphics.core.GraphicCompositeTest" name="testGetTooltip" time="0.005"/>
  <testcase classname="com.googlecode.blaisemath.graphics.core.GraphicCompositeTest" name="testGetStyleContext" time="0"/>
  <testcase classname="com.googlecode.blaisemath.graphics.core.GraphicCompositeTest" name="testGraphicAt" time="0.004"/>
  <testcase classname="com.googlecode.blaisemath.graphics.core.GraphicCompositeTest" name="testContains" time="0.001"/>
  <testcase classname="com.googlecode.blaisemath.graphics.core.GraphicCompositeTest" name="testSetStyleContext" time="0"/>
  <testcase classname="com.googlecode.blaisemath.graphics.core.GraphicCompositeTest" name="testReplaceGraphics" time="0.002"/>
  <testcase classname="com.googlecode.blaisemath.graphics.core.GraphicCompositeTest" name="testVisibleEntries" time="0.005"/>
  <testcase classname="com.googlecode.blaisemath.graphics.core.GraphicCompositeTest" name="testMouseGraphicAt" time="0"/>
  <testcase classname="com.googlecode.blaisemath.graphics.core.GraphicCompositeTest" name="testClearGraphics" time="0"/>
  <testcase classname="com.googlecode.blaisemath.graphics.core.GraphicCompositeTest" name="testSetGraphics" time="0.001"/>
  <testcase classname="com.googlecode.blaisemath.graphics.core.GraphicCompositeTest" name="testAddGraphic" time="0.001"/>
  <testcase classname="com.googlecode.blaisemath.graphics.core.GraphicCompositeTest" name="testGetGraphics" time="0.008"/>
  <testcase classname="com.googlecode.blaisemath.graphics.core.GraphicCompositeTest" name="testRemoveGraphics" time="0.001"/>
  <testcase classname="com.googlecode.blaisemath.graphics.core.GraphicCompositeTest" name="testSelectableGraphicAt" time="0.001"/>
  <testcase classname="com.googlecode.blaisemath.graphics.core.GraphicCompositeTest" name="testSelectableGraphicsIn" time="0"/>
  <testcase classname="com.googlecode.blaisemath.graphics.core.GraphicCompositeTest" name="testIntersects" time="0.001"/>
</testsuite>